
 CC_VERSION_OPTION:

clang version 13.0.1
Target: x86_64-pc-linux-gnu
Thread model: posix
InstalledDir: /usr//bin
Found candidate GCC installation: /usr//bin/../lib/gcc/x86_64-pc-linux-gnu/11.2.0
Found candidate GCC installation: /usr//bin/../lib64/gcc/x86_64-pc-linux-gnu/11.2.0
Selected GCC installation: /usr//bin/../lib64/gcc/x86_64-pc-linux-gnu/11.2.0
Candidate multilib: .;@m64
Candidate multilib: 32;@m32
Selected multilib: .;@m64
Found CUDA installation: /opt/cuda, version 11.2
clang-13: warning: argument unused during compilation: '-D SPEC' [-Wunused-command-line-argument]
clang-13: warning: argument unused during compilation: '-D NDEBUG' [-Wunused-command-line-argument]
clang-13: warning: argument unused during compilation: '-D PERL_CORE' [-Wunused-command-line-argument]
clang-13: warning: argument unused during compilation: '-I .' [-Wunused-command-line-argument]
clang-13: warning: argument unused during compilation: '-I dist/IO' [-Wunused-command-line-argument]
clang-13: warning: argument unused during compilation: '-I cpan/Time-HiRes' [-Wunused-command-line-argument]
clang-13: warning: argument unused during compilation: '-I cpan/HTML-Parser' [-Wunused-command-line-argument]
clang-13: warning: argument unused during compilation: '-I ext/re' [-Wunused-command-line-argument]
clang-13: warning: argument unused during compilation: '-I specrand' [-Wunused-command-line-argument]
clang-13: warning: argument unused during compilation: '-D DOUBLE_SLASHES_SPECIAL=0' [-Wunused-command-line-argument]
clang-13: warning: argument unused during compilation: '-D _LARGE_FILES' [-Wunused-command-line-argument]
clang-13: warning: argument unused during compilation: '-D _LARGEFILE_SOURCE' [-Wunused-command-line-argument]
clang-13: warning: argument unused during compilation: '-D _FILE_OFFSET_BITS=64' [-Wunused-command-line-argument]
clang-13: warning: argument unused during compilation: '-Ofast' [-Wunused-command-line-argument]
clang-13: warning: argument unused during compilation: '-mavx' [-Wunused-command-line-argument]
clang-13: warning: argument unused during compilation: '-D SPEC_LINUX_X64' [-Wunused-command-line-argument]
clang-13: warning: argument unused during compilation: '-D SPEC_OPENMP' [-Wunused-command-line-argument]
clang-13: warning: argument unused during compilation: '-Wno-return-type' [-Wunused-command-line-argument]
clang-13: warning: argument unused during compilation: '-D USE_OPENMP' [-Wunused-command-line-argument]
clang-13: warning: argument unused during compilation: '-I /usr/lib/libomp_oss/exports/common/include' [-Wunused-command-line-argument]
clang-13: warning: argument unused during compilation: '-D SPEC_LP64' [-Wunused-command-line-argument]
