/usr//bin/clang -m64 -c -o caretx.o -DSPEC -DNDEBUG -DPERL_CORE -I. -Idist/IO -Icpan/Time-HiRes -Icpan/HTML-Parser -Iext/re -Ispecrand -DDOUBLE_SLASHES_SPECIAL=0 -D_LARGE_FILES -D_LARGEFILE_SOURCE -D_FILE_OFFSET_BITS=64   -Ofast -mavx       -DSPEC_LINUX_X64   -DSPEC_OPENMP -fopenmp -Wno-return-type -DUSE_OPENMP -I /usr/lib/libomp_oss/exports/common/include    -DSPEC_LP64  caretx.c
In file included from caretx.c:32:
./perl.h:3621:9: warning: undefining builtin macro [-Wbuiltin-macro-redefined]
# undef __has_builtin
        ^
1 warning generated.
/usr//bin/clang -m64 -c -o locale.o -DSPEC -DNDEBUG -DPERL_CORE -I. -Idist/IO -Icpan/Time-HiRes -Icpan/HTML-Parser -Iext/re -Ispecrand -DDOUBLE_SLASHES_SPECIAL=0 -D_LARGE_FILES -D_LARGEFILE_SOURCE -D_FILE_OFFSET_BITS=64   -Ofast -mavx       -DSPEC_LINUX_X64   -DSPEC_OPENMP -fopenmp -Wno-return-type -DUSE_OPENMP -I /usr/lib/libomp_oss/exports/common/include    -DSPEC_LP64  locale.c
In file included from locale.c:37:
./perl.h:3621:9: warning: undefining builtin macro [-Wbuiltin-macro-redefined]
# undef __has_builtin
        ^
1 warning generated.
/usr//bin/clang -m64 -c -o deb.o -DSPEC -DNDEBUG -DPERL_CORE -I. -Idist/IO -Icpan/Time-HiRes -Icpan/HTML-Parser -Iext/re -Ispecrand -DDOUBLE_SLASHES_SPECIAL=0 -D_LARGE_FILES -D_LARGEFILE_SOURCE -D_FILE_OFFSET_BITS=64   -Ofast -mavx       -DSPEC_LINUX_X64   -DSPEC_OPENMP -fopenmp -Wno-return-type -DUSE_OPENMP -I /usr/lib/libomp_oss/exports/common/include    -DSPEC_LP64  deb.c
In file included from deb.c:25:
./perl.h:3621:9: warning: undefining builtin macro [-Wbuiltin-macro-redefined]
# undef __has_builtin
        ^
1 warning generated.
/usr//bin/clang -m64 -c -o globals.o -DSPEC -DNDEBUG -DPERL_CORE -I. -Idist/IO -Icpan/Time-HiRes -Icpan/HTML-Parser -Iext/re -Ispecrand -DDOUBLE_SLASHES_SPECIAL=0 -D_LARGE_FILES -D_LARGEFILE_SOURCE -D_FILE_OFFSET_BITS=64   -Ofast -mavx       -DSPEC_LINUX_X64   -DSPEC_OPENMP -fopenmp -Wno-return-type -DUSE_OPENMP -I /usr/lib/libomp_oss/exports/common/include    -DSPEC_LP64  globals.c
In file included from globals.c:32:
./perl.h:3621:9: warning: undefining builtin macro [-Wbuiltin-macro-redefined]
# undef __has_builtin
        ^
1 warning generated.
/usr//bin/clang -m64 -c -o perlapi.o -DSPEC -DNDEBUG -DPERL_CORE -I. -Idist/IO -Icpan/Time-HiRes -Icpan/HTML-Parser -Iext/re -Ispecrand -DDOUBLE_SLASHES_SPECIAL=0 -D_LARGE_FILES -D_LARGEFILE_SOURCE -D_FILE_OFFSET_BITS=64   -Ofast -mavx       -DSPEC_LINUX_X64   -DSPEC_OPENMP -fopenmp -Wno-return-type -DUSE_OPENMP -I /usr/lib/libomp_oss/exports/common/include    -DSPEC_LP64  perlapi.c
In file included from perlapi.c:28:
./perl.h:3621:9: warning: undefining builtin macro [-Wbuiltin-macro-redefined]
# undef __has_builtin
        ^
1 warning generated.
/usr//bin/clang -m64 -c -o av.o -DSPEC -DNDEBUG -DPERL_CORE -I. -Idist/IO -Icpan/Time-HiRes -Icpan/HTML-Parser -Iext/re -Ispecrand -DDOUBLE_SLASHES_SPECIAL=0 -D_LARGE_FILES -D_LARGEFILE_SOURCE -D_FILE_OFFSET_BITS=64   -Ofast -mavx       -DSPEC_LINUX_X64   -DSPEC_OPENMP -fopenmp -Wno-return-type -DUSE_OPENMP -I /usr/lib/libomp_oss/exports/common/include    -DSPEC_LP64  av.c
In file included from av.c:24:
./perl.h:3621:9: warning: undefining builtin macro [-Wbuiltin-macro-redefined]
# undef __has_builtin
        ^
1 warning generated.
/usr//bin/clang -m64 -c -o numeric.o -DSPEC -DNDEBUG -DPERL_CORE -I. -Idist/IO -Icpan/Time-HiRes -Icpan/HTML-Parser -Iext/re -Ispecrand -DDOUBLE_SLASHES_SPECIAL=0 -D_LARGE_FILES -D_LARGEFILE_SOURCE -D_FILE_OFFSET_BITS=64   -Ofast -mavx       -DSPEC_LINUX_X64   -DSPEC_OPENMP -fopenmp -Wno-return-type -DUSE_OPENMP -I /usr/lib/libomp_oss/exports/common/include    -DSPEC_LP64  numeric.c
In file included from numeric.c:30:
./perl.h:3621:9: warning: undefining builtin macro [-Wbuiltin-macro-redefined]
# undef __has_builtin
        ^
1 warning generated.
/usr//bin/clang -m64 -c -o perlmain.o -DSPEC -DNDEBUG -DPERL_CORE -I. -Idist/IO -Icpan/Time-HiRes -Icpan/HTML-Parser -Iext/re -Ispecrand -DDOUBLE_SLASHES_SPECIAL=0 -D_LARGE_FILES -D_LARGEFILE_SOURCE -D_FILE_OFFSET_BITS=64   -Ofast -mavx       -DSPEC_LINUX_X64   -DSPEC_OPENMP -fopenmp -Wno-return-type -DUSE_OPENMP -I /usr/lib/libomp_oss/exports/common/include    -DSPEC_LP64  perlmain.c
In file included from perlmain.c:43:
./perl.h:3621:9: warning: undefining builtin macro [-Wbuiltin-macro-redefined]
# undef __has_builtin
        ^
1 warning generated.
/usr//bin/clang -m64 -c -o keywords.o -DSPEC -DNDEBUG -DPERL_CORE -I. -Idist/IO -Icpan/Time-HiRes -Icpan/HTML-Parser -Iext/re -Ispecrand -DDOUBLE_SLASHES_SPECIAL=0 -D_LARGE_FILES -D_LARGEFILE_SOURCE -D_FILE_OFFSET_BITS=64   -Ofast -mavx       -DSPEC_LINUX_X64   -DSPEC_OPENMP -fopenmp -Wno-return-type -DUSE_OPENMP -I /usr/lib/libomp_oss/exports/common/include    -DSPEC_LP64  keywords.c
In file included from keywords.c:9:
./perl.h:3621:9: warning: undefining builtin macro [-Wbuiltin-macro-redefined]
# undef __has_builtin
        ^
1 warning generated.
/usr//bin/clang -m64 -c -o doop.o -DSPEC -DNDEBUG -DPERL_CORE -I. -Idist/IO -Icpan/Time-HiRes -Icpan/HTML-Parser -Iext/re -Ispecrand -DDOUBLE_SLASHES_SPECIAL=0 -D_LARGE_FILES -D_LARGEFILE_SOURCE -D_FILE_OFFSET_BITS=64   -Ofast -mavx       -DSPEC_LINUX_X64   -DSPEC_OPENMP -fopenmp -Wno-return-type -DUSE_OPENMP -I /usr/lib/libomp_oss/exports/common/include    -DSPEC_LP64  doop.c
In file included from doop.c:24:
./perl.h:3621:9: warning: undefining builtin macro [-Wbuiltin-macro-redefined]
# undef __has_builtin
        ^
1 warning generated.
/usr//bin/clang -m64 -c -o doio.o -DSPEC -DNDEBUG -DPERL_CORE -I. -Idist/IO -Icpan/Time-HiRes -Icpan/HTML-Parser -Iext/re -Ispecrand -DDOUBLE_SLASHES_SPECIAL=0 -D_LARGE_FILES -D_LARGEFILE_SOURCE -D_FILE_OFFSET_BITS=64   -Ofast -mavx       -DSPEC_LINUX_X64   -DSPEC_OPENMP -fopenmp -Wno-return-type -DUSE_OPENMP -I /usr/lib/libomp_oss/exports/common/include    -DSPEC_LP64  doio.c
In file included from doio.c:27:
./perl.h:3621:9: warning: undefining builtin macro [-Wbuiltin-macro-redefined]
# undef __has_builtin
        ^
1 warning generated.
/usr//bin/clang -m64 -c -o pad.o -DSPEC -DNDEBUG -DPERL_CORE -I. -Idist/IO -Icpan/Time-HiRes -Icpan/HTML-Parser -Iext/re -Ispecrand -DDOUBLE_SLASHES_SPECIAL=0 -D_LARGE_FILES -D_LARGEFILE_SOURCE -D_FILE_OFFSET_BITS=64   -Ofast -mavx       -DSPEC_LINUX_X64   -DSPEC_OPENMP -fopenmp -Wno-return-type -DUSE_OPENMP -I /usr/lib/libomp_oss/exports/common/include    -DSPEC_LP64  pad.c
In file included from pad.c:147:
./perl.h:3621:9: warning: undefining builtin macro [-Wbuiltin-macro-redefined]
# undef __has_builtin
        ^
1 warning generated.
/usr//bin/clang -m64 -c -o perly.o -DSPEC -DNDEBUG -DPERL_CORE -I. -Idist/IO -Icpan/Time-HiRes -Icpan/HTML-Parser -Iext/re -Ispecrand -DDOUBLE_SLASHES_SPECIAL=0 -D_LARGE_FILES -D_LARGEFILE_SOURCE -D_FILE_OFFSET_BITS=64   -Ofast -mavx       -DSPEC_LINUX_X64   -DSPEC_OPENMP -fopenmp -Wno-return-type -DUSE_OPENMP -I /usr/lib/libomp_oss/exports/common/include    -DSPEC_LP64  perly.c
In file included from perly.c:26:
./perl.h:3621:9: warning: undefining builtin macro [-Wbuiltin-macro-redefined]
# undef __has_builtin
        ^
1 warning generated.
/usr//bin/clang -m64 -c -o mg.o -DSPEC -DNDEBUG -DPERL_CORE -I. -Idist/IO -Icpan/Time-HiRes -Icpan/HTML-Parser -Iext/re -Ispecrand -DDOUBLE_SLASHES_SPECIAL=0 -D_LARGE_FILES -D_LARGEFILE_SOURCE -D_FILE_OFFSET_BITS=64   -Ofast -mavx       -DSPEC_LINUX_X64   -DSPEC_OPENMP -fopenmp -Wno-return-type -DUSE_OPENMP -I /usr/lib/libomp_oss/exports/common/include    -DSPEC_LP64  mg.c
In file included from mg.c:43:
./perl.h:3621:9: warning: undefining builtin macro [-Wbuiltin-macro-redefined]
# undef __has_builtin
        ^
1 warning generated.
/usr//bin/clang -m64 -c -o run.o -DSPEC -DNDEBUG -DPERL_CORE -I. -Idist/IO -Icpan/Time-HiRes -Icpan/HTML-Parser -Iext/re -Ispecrand -DDOUBLE_SLASHES_SPECIAL=0 -D_LARGE_FILES -D_LARGEFILE_SOURCE -D_FILE_OFFSET_BITS=64   -Ofast -mavx       -DSPEC_LINUX_X64   -DSPEC_OPENMP -fopenmp -Wno-return-type -DUSE_OPENMP -I /usr/lib/libomp_oss/exports/common/include    -DSPEC_LP64  run.c
In file included from run.c:26:
./perl.h:3621:9: warning: undefining builtin macro [-Wbuiltin-macro-redefined]
# undef __has_builtin
        ^
1 warning generated.
/usr//bin/clang -m64 -c -o perl.o -DSPEC -DNDEBUG -DPERL_CORE -I. -Idist/IO -Icpan/Time-HiRes -Icpan/HTML-Parser -Iext/re -Ispecrand -DDOUBLE_SLASHES_SPECIAL=0 -D_LARGE_FILES -D_LARGEFILE_SOURCE -D_FILE_OFFSET_BITS=64   -Ofast -mavx       -DSPEC_LINUX_X64   -DSPEC_OPENMP -fopenmp -Wno-return-type -DUSE_OPENMP -I /usr/lib/libomp_oss/exports/common/include    -DSPEC_LP64  perl.c
In file included from perl.c:33:
./perl.h:3621:9: warning: undefining builtin macro [-Wbuiltin-macro-redefined]
# undef __has_builtin
        ^
1 warning generated.
/usr//bin/clang -m64 -c -o dump.o -DSPEC -DNDEBUG -DPERL_CORE -I. -Idist/IO -Icpan/Time-HiRes -Icpan/HTML-Parser -Iext/re -Ispecrand -DDOUBLE_SLASHES_SPECIAL=0 -D_LARGE_FILES -D_LARGEFILE_SOURCE -D_FILE_OFFSET_BITS=64   -Ofast -mavx       -DSPEC_LINUX_X64   -DSPEC_OPENMP -fopenmp -Wno-return-type -DUSE_OPENMP -I /usr/lib/libomp_oss/exports/common/include    -DSPEC_LP64  dump.c
In file included from dump.c:29:
./perl.h:3621:9: warning: undefining builtin macro [-Wbuiltin-macro-redefined]
# undef __has_builtin
        ^
1 warning generated.
/usr//bin/clang -m64 -c -o hv.o -DSPEC -DNDEBUG -DPERL_CORE -I. -Idist/IO -Icpan/Time-HiRes -Icpan/HTML-Parser -Iext/re -Ispecrand -DDOUBLE_SLASHES_SPECIAL=0 -D_LARGE_FILES -D_LARGEFILE_SOURCE -D_FILE_OFFSET_BITS=64   -Ofast -mavx       -DSPEC_LINUX_X64   -DSPEC_OPENMP -fopenmp -Wno-return-type -DUSE_OPENMP -I /usr/lib/libomp_oss/exports/common/include    -DSPEC_LP64  hv.c
In file included from hv.c:35:
./perl.h:3621:9: warning: undefining builtin macro [-Wbuiltin-macro-redefined]
# undef __has_builtin
        ^
1 warning generated.
/usr//bin/clang -m64 -c -o taint.o -DSPEC -DNDEBUG -DPERL_CORE -I. -Idist/IO -Icpan/Time-HiRes -Icpan/HTML-Parser -Iext/re -Ispecrand -DDOUBLE_SLASHES_SPECIAL=0 -D_LARGE_FILES -D_LARGEFILE_SOURCE -D_FILE_OFFSET_BITS=64   -Ofast -mavx       -DSPEC_LINUX_X64   -DSPEC_OPENMP -fopenmp -Wno-return-type -DUSE_OPENMP -I /usr/lib/libomp_oss/exports/common/include    -DSPEC_LP64  taint.c
In file included from taint.c:24:
./perl.h:3621:9: warning: undefining builtin macro [-Wbuiltin-macro-redefined]
# undef __has_builtin
        ^
1 warning generated.
/usr//bin/clang -m64 -c -o gv.o -DSPEC -DNDEBUG -DPERL_CORE -I. -Idist/IO -Icpan/Time-HiRes -Icpan/HTML-Parser -Iext/re -Ispecrand -DDOUBLE_SLASHES_SPECIAL=0 -D_LARGE_FILES -D_LARGEFILE_SOURCE -D_FILE_OFFSET_BITS=64   -Ofast -mavx       -DSPEC_LINUX_X64   -DSPEC_OPENMP -fopenmp -Wno-return-type -DUSE_OPENMP -I /usr/lib/libomp_oss/exports/common/include    -DSPEC_LP64  gv.c
In file included from gv.c:36:
./perl.h:3621:9: warning: undefining builtin macro [-Wbuiltin-macro-redefined]
# undef __has_builtin
        ^
1 warning generated.
/usr//bin/clang -m64 -c -o pp_sort.o -DSPEC -DNDEBUG -DPERL_CORE -I. -Idist/IO -Icpan/Time-HiRes -Icpan/HTML-Parser -Iext/re -Ispecrand -DDOUBLE_SLASHES_SPECIAL=0 -D_LARGE_FILES -D_LARGEFILE_SOURCE -D_FILE_OFFSET_BITS=64   -Ofast -mavx       -DSPEC_LINUX_X64   -DSPEC_OPENMP -fopenmp -Wno-return-type -DUSE_OPENMP -I /usr/lib/libomp_oss/exports/common/include    -DSPEC_LP64  pp_sort.c
In file included from pp_sort.c:31:
./perl.h:3621:9: warning: undefining builtin macro [-Wbuiltin-macro-redefined]
# undef __has_builtin
        ^
1 warning generated.
/usr//bin/clang -m64 -c -o scope.o -DSPEC -DNDEBUG -DPERL_CORE -I. -Idist/IO -Icpan/Time-HiRes -Icpan/HTML-Parser -Iext/re -Ispecrand -DDOUBLE_SLASHES_SPECIAL=0 -D_LARGE_FILES -D_LARGEFILE_SOURCE -D_FILE_OFFSET_BITS=64   -Ofast -mavx       -DSPEC_LINUX_X64   -DSPEC_OPENMP -fopenmp -Wno-return-type -DUSE_OPENMP -I /usr/lib/libomp_oss/exports/common/include    -DSPEC_LP64  scope.c
In file included from scope.c:27:
./perl.h:3621:9: warning: undefining builtin macro [-Wbuiltin-macro-redefined]
# undef __has_builtin
        ^
1 warning generated.
/usr//bin/clang -m64 -c -o reentr.o -DSPEC -DNDEBUG -DPERL_CORE -I. -Idist/IO -Icpan/Time-HiRes -Icpan/HTML-Parser -Iext/re -Ispecrand -DDOUBLE_SLASHES_SPECIAL=0 -D_LARGE_FILES -D_LARGEFILE_SOURCE -D_FILE_OFFSET_BITS=64   -Ofast -mavx       -DSPEC_LINUX_X64   -DSPEC_OPENMP -fopenmp -Wno-return-type -DUSE_OPENMP -I /usr/lib/libomp_oss/exports/common/include    -DSPEC_LP64  reentr.c
In file included from reentr.c:33:
./perl.h:3621:9: warning: undefining builtin macro [-Wbuiltin-macro-redefined]
# undef __has_builtin
        ^
1 warning generated.
/usr//bin/clang -m64 -c -o perlio.o -DSPEC -DNDEBUG -DPERL_CORE -I. -Idist/IO -Icpan/Time-HiRes -Icpan/HTML-Parser -Iext/re -Ispecrand -DDOUBLE_SLASHES_SPECIAL=0 -D_LARGE_FILES -D_LARGEFILE_SOURCE -D_FILE_OFFSET_BITS=64   -Ofast -mavx       -DSPEC_LINUX_X64   -DSPEC_OPENMP -fopenmp -Wno-return-type -DUSE_OPENMP -I /usr/lib/libomp_oss/exports/common/include    -DSPEC_LP64  perlio.c
In file included from perlio.c:43:
./perl.h:3621:9: warning: undefining builtin macro [-Wbuiltin-macro-redefined]
# undef __has_builtin
        ^
1 warning generated.
/usr//bin/clang -m64 -c -o specrand/specrand.o -DSPEC -DNDEBUG -DPERL_CORE -I. -Idist/IO -Icpan/Time-HiRes -Icpan/HTML-Parser -Iext/re -Ispecrand -DDOUBLE_SLASHES_SPECIAL=0 -D_LARGE_FILES -D_LARGEFILE_SOURCE -D_FILE_OFFSET_BITS=64   -Ofast -mavx       -DSPEC_LINUX_X64   -DSPEC_OPENMP -fopenmp -Wno-return-type -DUSE_OPENMP -I /usr/lib/libomp_oss/exports/common/include    -DSPEC_LP64  specrand/specrand.c
/usr//bin/clang -m64 -c -o universal.o -DSPEC -DNDEBUG -DPERL_CORE -I. -Idist/IO -Icpan/Time-HiRes -Icpan/HTML-Parser -Iext/re -Ispecrand -DDOUBLE_SLASHES_SPECIAL=0 -D_LARGE_FILES -D_LARGEFILE_SOURCE -D_FILE_OFFSET_BITS=64   -Ofast -mavx       -DSPEC_LINUX_X64   -DSPEC_OPENMP -fopenmp -Wno-return-type -DUSE_OPENMP -I /usr/lib/libomp_oss/exports/common/include    -DSPEC_LP64  universal.c
In file included from universal.c:30:
./perl.h:3621:9: warning: undefining builtin macro [-Wbuiltin-macro-redefined]
# undef __has_builtin
        ^
1 warning generated.
/usr//bin/clang -m64 -c -o pp_hot.o -DSPEC -DNDEBUG -DPERL_CORE -I. -Idist/IO -Icpan/Time-HiRes -Icpan/HTML-Parser -Iext/re -Ispecrand -DDOUBLE_SLASHES_SPECIAL=0 -D_LARGE_FILES -D_LARGEFILE_SOURCE -D_FILE_OFFSET_BITS=64   -Ofast -mavx       -DSPEC_LINUX_X64   -DSPEC_OPENMP -fopenmp -Wno-return-type -DUSE_OPENMP -I /usr/lib/libomp_oss/exports/common/include    -DSPEC_LP64  pp_hot.c
In file included from pp_hot.c:36:
./perl.h:3621:9: warning: undefining builtin macro [-Wbuiltin-macro-redefined]
# undef __has_builtin
        ^
1 warning generated.
/usr//bin/clang -m64 -c -o pp_sys.o -DSPEC -DNDEBUG -DPERL_CORE -I. -Idist/IO -Icpan/Time-HiRes -Icpan/HTML-Parser -Iext/re -Ispecrand -DDOUBLE_SLASHES_SPECIAL=0 -D_LARGE_FILES -D_LARGEFILE_SOURCE -D_FILE_OFFSET_BITS=64   -Ofast -mavx       -DSPEC_LINUX_X64   -DSPEC_OPENMP -fopenmp -Wno-return-type -DUSE_OPENMP -I /usr/lib/libomp_oss/exports/common/include    -DSPEC_LP64  pp_sys.c
In file included from pp_sys.c:31:
./perl.h:3621:9: warning: undefining builtin macro [-Wbuiltin-macro-redefined]
# undef __has_builtin
        ^
1 warning generated.
/usr//bin/clang -m64 -c -o mro_core.o -DSPEC -DNDEBUG -DPERL_CORE -I. -Idist/IO -Icpan/Time-HiRes -Icpan/HTML-Parser -Iext/re -Ispecrand -DDOUBLE_SLASHES_SPECIAL=0 -D_LARGE_FILES -D_LARGEFILE_SOURCE -D_FILE_OFFSET_BITS=64   -Ofast -mavx       -DSPEC_LINUX_X64   -DSPEC_OPENMP -fopenmp -Wno-return-type -DUSE_OPENMP -I /usr/lib/libomp_oss/exports/common/include    -DSPEC_LP64  mro_core.c
In file included from mro_core.c:30:
./perl.h:3621:9: warning: undefining builtin macro [-Wbuiltin-macro-redefined]
# undef __has_builtin
        ^
1 warning generated.
/usr//bin/clang -m64 -c -o dist/PathTools/Cwd.o -DSPEC -DNDEBUG -DPERL_CORE -I. -Idist/IO -Icpan/Time-HiRes -Icpan/HTML-Parser -Iext/re -Ispecrand -DDOUBLE_SLASHES_SPECIAL=0 -D_LARGE_FILES -D_LARGEFILE_SOURCE -D_FILE_OFFSET_BITS=64   -Ofast -mavx       -DSPEC_LINUX_X64   -DSPEC_OPENMP -fopenmp -Wno-return-type -DUSE_OPENMP -I /usr/lib/libomp_oss/exports/common/include    -DSPEC_LP64  dist/PathTools/Cwd.c
In file included from dist/PathTools/Cwd.c:21:
./perl.h:3621:9: warning: undefining builtin macro [-Wbuiltin-macro-redefined]
# undef __has_builtin
        ^
1 warning generated.
/usr//bin/clang -m64 -c -o ext/Devel-Peek/Peek.o -DSPEC -DNDEBUG -DPERL_CORE -I. -Idist/IO -Icpan/Time-HiRes -Icpan/HTML-Parser -Iext/re -Ispecrand -DDOUBLE_SLASHES_SPECIAL=0 -D_LARGE_FILES -D_LARGEFILE_SOURCE -D_FILE_OFFSET_BITS=64   -Ofast -mavx       -DSPEC_LINUX_X64   -DSPEC_OPENMP -fopenmp -Wno-return-type -DUSE_OPENMP -I /usr/lib/libomp_oss/exports/common/include    -DSPEC_LP64  ext/Devel-Peek/Peek.c
In file included from ext/Devel-Peek/Peek.c:16:
./perl.h:3621:9: warning: undefining builtin macro [-Wbuiltin-macro-redefined]
# undef __has_builtin
        ^
1 warning generated.
/usr//bin/clang -m64 -c -o mathoms.o -DSPEC -DNDEBUG -DPERL_CORE -I. -Idist/IO -Icpan/Time-HiRes -Icpan/HTML-Parser -Iext/re -Ispecrand -DDOUBLE_SLASHES_SPECIAL=0 -D_LARGE_FILES -D_LARGEFILE_SOURCE -D_FILE_OFFSET_BITS=64   -Ofast -mavx       -DSPEC_LINUX_X64   -DSPEC_OPENMP -fopenmp -Wno-return-type -DUSE_OPENMP -I /usr/lib/libomp_oss/exports/common/include    -DSPEC_LP64  mathoms.c
In file included from mathoms.c:46:
./perl.h:3621:9: warning: undefining builtin macro [-Wbuiltin-macro-redefined]
# undef __has_builtin
        ^
1 warning generated.
/usr//bin/clang -m64 -c -o utf8.o -DSPEC -DNDEBUG -DPERL_CORE -I. -Idist/IO -Icpan/Time-HiRes -Icpan/HTML-Parser -Iext/re -Ispecrand -DDOUBLE_SLASHES_SPECIAL=0 -D_LARGE_FILES -D_LARGEFILE_SOURCE -D_FILE_OFFSET_BITS=64   -Ofast -mavx       -DSPEC_LINUX_X64   -DSPEC_OPENMP -fopenmp -Wno-return-type -DUSE_OPENMP -I /usr/lib/libomp_oss/exports/common/include    -DSPEC_LP64  utf8.c
In file included from utf8.c:33:
./perl.h:3621:9: warning: undefining builtin macro [-Wbuiltin-macro-redefined]
# undef __has_builtin
        ^
1 warning generated.
/usr//bin/clang -m64 -c -o DynaLoader.o -DSPEC -DNDEBUG -DPERL_CORE -I. -Idist/IO -Icpan/Time-HiRes -Icpan/HTML-Parser -Iext/re -Ispecrand -DDOUBLE_SLASHES_SPECIAL=0 -D_LARGE_FILES -D_LARGEFILE_SOURCE -D_FILE_OFFSET_BITS=64   -Ofast -mavx       -DSPEC_LINUX_X64   -DSPEC_OPENMP -fopenmp -Wno-return-type -DUSE_OPENMP -I /usr/lib/libomp_oss/exports/common/include    -DSPEC_LP64  DynaLoader.c
In file included from DynaLoader.c:16:
./perl.h:3621:9: warning: undefining builtin macro [-Wbuiltin-macro-redefined]
# undef __has_builtin
        ^
1 warning generated.
/usr//bin/clang -m64 -c -o dist/IO/poll.o -DSPEC -DNDEBUG -DPERL_CORE -I. -Idist/IO -Icpan/Time-HiRes -Icpan/HTML-Parser -Iext/re -Ispecrand -DDOUBLE_SLASHES_SPECIAL=0 -D_LARGE_FILES -D_LARGEFILE_SOURCE -D_FILE_OFFSET_BITS=64   -Ofast -mavx       -DSPEC_LINUX_X64   -DSPEC_OPENMP -fopenmp -Wno-return-type -DUSE_OPENMP -I /usr/lib/libomp_oss/exports/common/include    -DSPEC_LP64  dist/IO/poll.c
In file included from dist/IO/poll.c:14:
./perl.h:3621:9: warning: undefining builtin macro [-Wbuiltin-macro-redefined]
# undef __has_builtin
        ^
1 warning generated.
/usr//bin/clang -m64 -c -o util.o -DSPEC -DNDEBUG -DPERL_CORE -I. -Idist/IO -Icpan/Time-HiRes -Icpan/HTML-Parser -Iext/re -Ispecrand -DDOUBLE_SLASHES_SPECIAL=0 -D_LARGE_FILES -D_LARGEFILE_SOURCE -D_FILE_OFFSET_BITS=64   -Ofast -mavx       -DSPEC_LINUX_X64   -DSPEC_OPENMP -fopenmp -Wno-return-type -DUSE_OPENMP -I /usr/lib/libomp_oss/exports/common/include    -DSPEC_LP64  util.c
In file included from util.c:30:
./perl.h:3621:9: warning: undefining builtin macro [-Wbuiltin-macro-redefined]
# undef __has_builtin
        ^
1 warning generated.
/usr//bin/clang -m64 -c -o cpan/MIME-Base64/Base64.o -DSPEC -DNDEBUG -DPERL_CORE -I. -Idist/IO -Icpan/Time-HiRes -Icpan/HTML-Parser -Iext/re -Ispecrand -DDOUBLE_SLASHES_SPECIAL=0 -D_LARGE_FILES -D_LARGEFILE_SOURCE -D_FILE_OFFSET_BITS=64   -Ofast -mavx       -DSPEC_LINUX_X64   -DSPEC_OPENMP -fopenmp -Wno-return-type -DUSE_OPENMP -I /usr/lib/libomp_oss/exports/common/include    -DSPEC_LP64  cpan/MIME-Base64/Base64.c
In file included from cpan/MIME-Base64/Base64.c:42:
./perl.h:3621:9: warning: undefining builtin macro [-Wbuiltin-macro-redefined]
# undef __has_builtin
        ^
1 warning generated.
/usr//bin/clang -m64 -c -o dist/IO/IO.o -DSPEC -DNDEBUG -DPERL_CORE -I. -Idist/IO -Icpan/Time-HiRes -Icpan/HTML-Parser -Iext/re -Ispecrand -DDOUBLE_SLASHES_SPECIAL=0 -D_LARGE_FILES -D_LARGEFILE_SOURCE -D_FILE_OFFSET_BITS=64   -Ofast -mavx       -DSPEC_LINUX_X64   -DSPEC_OPENMP -fopenmp -Wno-return-type -DUSE_OPENMP -I /usr/lib/libomp_oss/exports/common/include    -DSPEC_LP64  dist/IO/IO.c
In file included from dist/IO/IO.c:25:
./perl.h:3621:9: warning: undefining builtin macro [-Wbuiltin-macro-redefined]
# undef __has_builtin
        ^
1 warning generated.
/usr//bin/clang -m64 -c -o ext/XS-Typemap/stdio.o -DSPEC -DNDEBUG -DPERL_CORE -I. -Idist/IO -Icpan/Time-HiRes -Icpan/HTML-Parser -Iext/re -Ispecrand -DDOUBLE_SLASHES_SPECIAL=0 -D_LARGE_FILES -D_LARGEFILE_SOURCE -D_FILE_OFFSET_BITS=64   -Ofast -mavx       -DSPEC_LINUX_X64   -DSPEC_OPENMP -fopenmp -Wno-return-type -DUSE_OPENMP -I /usr/lib/libomp_oss/exports/common/include    -DSPEC_LP64  ext/XS-Typemap/stdio.c
/usr//bin/clang -m64 -c -o ext/Sys-Hostname/Hostname.o -DSPEC -DNDEBUG -DPERL_CORE -I. -Idist/IO -Icpan/Time-HiRes -Icpan/HTML-Parser -Iext/re -Ispecrand -DDOUBLE_SLASHES_SPECIAL=0 -D_LARGE_FILES -D_LARGEFILE_SOURCE -D_FILE_OFFSET_BITS=64   -Ofast -mavx       -DSPEC_LINUX_X64   -DSPEC_OPENMP -fopenmp -Wno-return-type -DUSE_OPENMP -I /usr/lib/libomp_oss/exports/common/include    -DSPEC_LP64  ext/Sys-Hostname/Hostname.c
In file included from ext/Sys-Hostname/Hostname.c:13:
./perl.h:3621:9: warning: undefining builtin macro [-Wbuiltin-macro-redefined]
# undef __has_builtin
        ^
1 warning generated.
/usr//bin/clang -m64 -c -o cpan/Digest-MD5/MD5.o -DSPEC -DNDEBUG -DPERL_CORE -I. -Idist/IO -Icpan/Time-HiRes -Icpan/HTML-Parser -Iext/re -Ispecrand -DDOUBLE_SLASHES_SPECIAL=0 -D_LARGE_FILES -D_LARGEFILE_SOURCE -D_FILE_OFFSET_BITS=64   -Ofast -mavx       -DSPEC_LINUX_X64   -DSPEC_OPENMP -fopenmp -Wno-return-type -DUSE_OPENMP -I /usr/lib/libomp_oss/exports/common/include    -DSPEC_LP64  cpan/Digest-MD5/MD5.c
In file included from cpan/Digest-MD5/MD5.c:52:
./perl.h:3621:9: warning: undefining builtin macro [-Wbuiltin-macro-redefined]
# undef __has_builtin
        ^
1 warning generated.
/usr//bin/clang -m64 -c -o dist/Data-Dumper/Dumper.o -DSPEC -DNDEBUG -DPERL_CORE -I. -Idist/IO -Icpan/Time-HiRes -Icpan/HTML-Parser -Iext/re -Ispecrand -DDOUBLE_SLASHES_SPECIAL=0 -D_LARGE_FILES -D_LARGEFILE_SOURCE -D_FILE_OFFSET_BITS=64   -Ofast -mavx       -DSPEC_LINUX_X64   -DSPEC_OPENMP -fopenmp -Wno-return-type -DUSE_OPENMP -I /usr/lib/libomp_oss/exports/common/include    -DSPEC_LP64  dist/Data-Dumper/Dumper.c
In file included from dist/Data-Dumper/Dumper.c:16:
./perl.h:3621:9: warning: undefining builtin macro [-Wbuiltin-macro-redefined]
# undef __has_builtin
        ^
1 warning generated.
/usr//bin/clang -m64 -c -o pp_ctl.o -DSPEC -DNDEBUG -DPERL_CORE -I. -Idist/IO -Icpan/Time-HiRes -Icpan/HTML-Parser -Iext/re -Ispecrand -DDOUBLE_SLASHES_SPECIAL=0 -D_LARGE_FILES -D_LARGEFILE_SOURCE -D_FILE_OFFSET_BITS=64   -Ofast -mavx       -DSPEC_LINUX_X64   -DSPEC_OPENMP -fopenmp -Wno-return-type -DUSE_OPENMP -I /usr/lib/libomp_oss/exports/common/include    -DSPEC_LP64  pp_ctl.c
In file included from pp_ctl.c:35:
./perl.h:3621:9: warning: undefining builtin macro [-Wbuiltin-macro-redefined]
# undef __has_builtin
        ^
pp_ctl.c:1197:27: warning: implicit conversion from 'IV' (aka 'long') to 'double' changes value from 9223372036854775807 to 9223372036854775808 [-Wimplicit-const-int-float-conversion]
                                 : SvNV_nomg(right) > IV_MAX)))
                                                    ~ ^~~~~~
./perl.h:1683:20: note: expanded from macro 'IV_MAX'
#    define IV_MAX PERL_QUAD_MAX
                   ^~~~~~~~~~~~~
./perl.h:2610:29: note: expanded from macro 'PERL_QUAD_MAX'
#    define PERL_QUAD_MAX       ((IV) (PERL_UQUAD_MAX >> 1))
                                 ^~~~~~~~~~~~~~~~~~~~~~~~~~
2 warnings generated.
/usr//bin/clang -m64 -c -o pp.o -DSPEC -DNDEBUG -DPERL_CORE -I. -Idist/IO -Icpan/Time-HiRes -Icpan/HTML-Parser -Iext/re -Ispecrand -DDOUBLE_SLASHES_SPECIAL=0 -D_LARGE_FILES -D_LARGEFILE_SOURCE -D_FILE_OFFSET_BITS=64   -Ofast -mavx       -DSPEC_LINUX_X64   -DSPEC_OPENMP -fopenmp -Wno-return-type -DUSE_OPENMP -I /usr/lib/libomp_oss/exports/common/include    -DSPEC_LP64  pp.c
In file included from pp.c:28:
./perl.h:3621:9: warning: undefining builtin macro [-Wbuiltin-macro-redefined]
# undef __has_builtin
        ^
1 warning generated.
/usr//bin/clang -m64 -c -o Opcode.o -DSPEC -DNDEBUG -DPERL_CORE -I. -Idist/IO -Icpan/Time-HiRes -Icpan/HTML-Parser -Iext/re -Ispecrand -DDOUBLE_SLASHES_SPECIAL=0 -D_LARGE_FILES -D_LARGEFILE_SOURCE -D_FILE_OFFSET_BITS=64   -Ofast -mavx       -DSPEC_LINUX_X64   -DSPEC_OPENMP -fopenmp -Wno-return-type -DUSE_OPENMP -I /usr/lib/libomp_oss/exports/common/include    -DSPEC_LP64  Opcode.c
In file included from Opcode.c:15:
./perl.h:3621:9: warning: undefining builtin macro [-Wbuiltin-macro-redefined]
# undef __has_builtin
        ^
1 warning generated.
/usr//bin/clang -m64 -c -o cpan/Time-HiRes/HiRes.o -DSPEC -DNDEBUG -DPERL_CORE -I. -Idist/IO -Icpan/Time-HiRes -Icpan/HTML-Parser -Iext/re -Ispecrand -DDOUBLE_SLASHES_SPECIAL=0 -D_LARGE_FILES -D_LARGEFILE_SOURCE -D_FILE_OFFSET_BITS=64   -Ofast -mavx       -DSPEC_LINUX_X64   -DSPEC_OPENMP -fopenmp -Wno-return-type -DUSE_OPENMP -I /usr/lib/libomp_oss/exports/common/include    -DSPEC_LP64  cpan/Time-HiRes/HiRes.c
In file included from cpan/Time-HiRes/HiRes.c:31:
./perl.h:3621:9: warning: undefining builtin macro [-Wbuiltin-macro-redefined]
# undef __has_builtin
        ^
1 warning generated.
/usr//bin/clang -m64 -c -o ext/re/re.o -DSPEC -DNDEBUG -DPERL_CORE -I. -Idist/IO -Icpan/Time-HiRes -Icpan/HTML-Parser -Iext/re -Ispecrand -DDOUBLE_SLASHES_SPECIAL=0 -D_LARGE_FILES -D_LARGEFILE_SOURCE -D_FILE_OFFSET_BITS=64   -Ofast -mavx       -DSPEC_LINUX_X64   -DSPEC_OPENMP -fopenmp -Wno-return-type -DUSE_OPENMP -I /usr/lib/libomp_oss/exports/common/include    -DSPEC_LP64  ext/re/re.c
In file included from ext/re/re.c:16:
./perl.h:3621:9: warning: undefining builtin macro [-Wbuiltin-macro-redefined]
# undef __has_builtin
        ^
1 warning generated.
/usr//bin/clang -m64 -c -o ext/attributes/attributes.o -DSPEC -DNDEBUG -DPERL_CORE -I. -Idist/IO -Icpan/Time-HiRes -Icpan/HTML-Parser -Iext/re -Ispecrand -DDOUBLE_SLASHES_SPECIAL=0 -D_LARGE_FILES -D_LARGEFILE_SOURCE -D_FILE_OFFSET_BITS=64   -Ofast -mavx       -DSPEC_LINUX_X64   -DSPEC_OPENMP -fopenmp -Wno-return-type -DUSE_OPENMP -I /usr/lib/libomp_oss/exports/common/include    -DSPEC_LP64  ext/attributes/attributes.c
In file included from ext/attributes/attributes.c:30:
./perl.h:3621:9: warning: undefining builtin macro [-Wbuiltin-macro-redefined]
# undef __has_builtin
        ^
1 warning generated.
/usr//bin/clang -m64 -c -o ext/mro/mro.o -DSPEC -DNDEBUG -DPERL_CORE -I. -Idist/IO -Icpan/Time-HiRes -Icpan/HTML-Parser -Iext/re -Ispecrand -DDOUBLE_SLASHES_SPECIAL=0 -D_LARGE_FILES -D_LARGEFILE_SOURCE -D_FILE_OFFSET_BITS=64   -Ofast -mavx       -DSPEC_LINUX_X64   -DSPEC_OPENMP -fopenmp -Wno-return-type -DUSE_OPENMP -I /usr/lib/libomp_oss/exports/common/include    -DSPEC_LP64  ext/mro/mro.c
In file included from ext/mro/mro.c:13:
./perl.h:3621:9: warning: undefining builtin macro [-Wbuiltin-macro-redefined]
# undef __has_builtin
        ^
1 warning generated.
/usr//bin/clang -m64 -c -o pp_pack.o -DSPEC -DNDEBUG -DPERL_CORE -I. -Idist/IO -Icpan/Time-HiRes -Icpan/HTML-Parser -Iext/re -Ispecrand -DDOUBLE_SLASHES_SPECIAL=0 -D_LARGE_FILES -D_LARGEFILE_SOURCE -D_FILE_OFFSET_BITS=64   -Ofast -mavx       -DSPEC_LINUX_X64   -DSPEC_OPENMP -fopenmp -Wno-return-type -DUSE_OPENMP -I /usr/lib/libomp_oss/exports/common/include    -DSPEC_LP64  pp_pack.c
In file included from pp_pack.c:33:
./perl.h:3621:9: warning: undefining builtin macro [-Wbuiltin-macro-redefined]
# undef __has_builtin
        ^
1 warning generated.
/usr//bin/clang -m64 -c -o ext/PerlIO-scalar/scalar.o -DSPEC -DNDEBUG -DPERL_CORE -I. -Idist/IO -Icpan/Time-HiRes -Icpan/HTML-Parser -Iext/re -Ispecrand -DDOUBLE_SLASHES_SPECIAL=0 -D_LARGE_FILES -D_LARGEFILE_SOURCE -D_FILE_OFFSET_BITS=64   -Ofast -mavx       -DSPEC_LINUX_X64   -DSPEC_OPENMP -fopenmp -Wno-return-type -DUSE_OPENMP -I /usr/lib/libomp_oss/exports/common/include    -DSPEC_LP64  ext/PerlIO-scalar/scalar.c
In file included from ext/PerlIO-scalar/scalar.c:16:
./perl.h:3621:9: warning: undefining builtin macro [-Wbuiltin-macro-redefined]
# undef __has_builtin
        ^
1 warning generated.
/usr//bin/clang -m64 -c -o ext/arybase/arybase.o -DSPEC -DNDEBUG -DPERL_CORE -I. -Idist/IO -Icpan/Time-HiRes -Icpan/HTML-Parser -Iext/re -Ispecrand -DDOUBLE_SLASHES_SPECIAL=0 -D_LARGE_FILES -D_LARGEFILE_SOURCE -D_FILE_OFFSET_BITS=64   -Ofast -mavx       -DSPEC_LINUX_X64   -DSPEC_OPENMP -fopenmp -Wno-return-type -DUSE_OPENMP -I /usr/lib/libomp_oss/exports/common/include    -DSPEC_LP64  ext/arybase/arybase.c
In file included from ext/arybase/arybase.c:17:
./perl.h:3621:9: warning: undefining builtin macro [-Wbuiltin-macro-redefined]
# undef __has_builtin
        ^
1 warning generated.
/usr//bin/clang -m64 -c -o ext/PerlIO-via/via.o -DSPEC -DNDEBUG -DPERL_CORE -I. -Idist/IO -Icpan/Time-HiRes -Icpan/HTML-Parser -Iext/re -Ispecrand -DDOUBLE_SLASHES_SPECIAL=0 -D_LARGE_FILES -D_LARGEFILE_SOURCE -D_FILE_OFFSET_BITS=64   -Ofast -mavx       -DSPEC_LINUX_X64   -DSPEC_OPENMP -fopenmp -Wno-return-type -DUSE_OPENMP -I /usr/lib/libomp_oss/exports/common/include    -DSPEC_LP64  ext/PerlIO-via/via.c
In file included from ext/PerlIO-via/via.c:15:
./perl.h:3621:9: warning: undefining builtin macro [-Wbuiltin-macro-redefined]
# undef __has_builtin
        ^
1 warning generated.
/usr//bin/clang -m64 -c -o ext/File-Glob/Glob.o -DSPEC -DNDEBUG -DPERL_CORE -I. -Idist/IO -Icpan/Time-HiRes -Icpan/HTML-Parser -Iext/re -Ispecrand -DDOUBLE_SLASHES_SPECIAL=0 -D_LARGE_FILES -D_LARGEFILE_SOURCE -D_FILE_OFFSET_BITS=64   -Ofast -mavx       -DSPEC_LINUX_X64   -DSPEC_OPENMP -fopenmp -Wno-return-type -DUSE_OPENMP -I /usr/lib/libomp_oss/exports/common/include    -DSPEC_LP64  ext/File-Glob/Glob.c
In file included from ext/File-Glob/Glob.c:17:
./perl.h:3621:9: warning: undefining builtin macro [-Wbuiltin-macro-redefined]
# undef __has_builtin
        ^
1 warning generated.
/usr//bin/clang -m64 -c -o ext/File-Glob/bsd_glob.o -DSPEC -DNDEBUG -DPERL_CORE -I. -Idist/IO -Icpan/Time-HiRes -Icpan/HTML-Parser -Iext/re -Ispecrand -DDOUBLE_SLASHES_SPECIAL=0 -D_LARGE_FILES -D_LARGEFILE_SOURCE -D_FILE_OFFSET_BITS=64   -Ofast -mavx       -DSPEC_LINUX_X64   -DSPEC_OPENMP -fopenmp -Wno-return-type -DUSE_OPENMP -I /usr/lib/libomp_oss/exports/common/include    -DSPEC_LP64  ext/File-Glob/bsd_glob.c
In file included from ext/File-Glob/bsd_glob.c:69:
./perl.h:3621:9: warning: undefining builtin macro [-Wbuiltin-macro-redefined]
# undef __has_builtin
        ^
1 warning generated.
/usr//bin/clang -m64 -c -o ext/Hash-Util/Util.o -DSPEC -DNDEBUG -DPERL_CORE -I. -Idist/IO -Icpan/Time-HiRes -Icpan/HTML-Parser -Iext/re -Ispecrand -DDOUBLE_SLASHES_SPECIAL=0 -D_LARGE_FILES -D_LARGEFILE_SOURCE -D_FILE_OFFSET_BITS=64   -Ofast -mavx       -DSPEC_LINUX_X64   -DSPEC_OPENMP -fopenmp -Wno-return-type -DUSE_OPENMP -I /usr/lib/libomp_oss/exports/common/include    -DSPEC_LP64  ext/Hash-Util/Util.c
In file included from ext/Hash-Util/Util.c:13:
./perl.h:3621:9: warning: undefining builtin macro [-Wbuiltin-macro-redefined]
# undef __has_builtin
        ^
1 warning generated.
/usr//bin/clang -m64 -c -o cpan/Digest-SHA/SHA.o -DSPEC -DNDEBUG -DPERL_CORE -I. -Idist/IO -Icpan/Time-HiRes -Icpan/HTML-Parser -Iext/re -Ispecrand -DDOUBLE_SLASHES_SPECIAL=0 -D_LARGE_FILES -D_LARGEFILE_SOURCE -D_FILE_OFFSET_BITS=64   -Ofast -mavx       -DSPEC_LINUX_X64   -DSPEC_OPENMP -fopenmp -Wno-return-type -DUSE_OPENMP -I /usr/lib/libomp_oss/exports/common/include    -DSPEC_LP64  cpan/Digest-SHA/SHA.c
In file included from cpan/Digest-SHA/SHA.c:16:
./perl.h:3621:9: warning: undefining builtin macro [-Wbuiltin-macro-redefined]
# undef __has_builtin
        ^
1 warning generated.
/usr//bin/clang -m64 -c -o ext/Tie-Hash-NamedCapture/NamedCapture.o -DSPEC -DNDEBUG -DPERL_CORE -I. -Idist/IO -Icpan/Time-HiRes -Icpan/HTML-Parser -Iext/re -Ispecrand -DDOUBLE_SLASHES_SPECIAL=0 -D_LARGE_FILES -D_LARGEFILE_SOURCE -D_FILE_OFFSET_BITS=64   -Ofast -mavx       -DSPEC_LINUX_X64   -DSPEC_OPENMP -fopenmp -Wno-return-type -DUSE_OPENMP -I /usr/lib/libomp_oss/exports/common/include    -DSPEC_LP64  ext/Tie-Hash-NamedCapture/NamedCapture.c
In file included from ext/Tie-Hash-NamedCapture/NamedCapture.c:15:
./perl.h:3621:9: warning: undefining builtin macro [-Wbuiltin-macro-redefined]
# undef __has_builtin
        ^
1 warning generated.
/usr//bin/clang -m64 -c -o ext/Hash-Util-FieldHash/FieldHash.o -DSPEC -DNDEBUG -DPERL_CORE -I. -Idist/IO -Icpan/Time-HiRes -Icpan/HTML-Parser -Iext/re -Ispecrand -DDOUBLE_SLASHES_SPECIAL=0 -D_LARGE_FILES -D_LARGEFILE_SOURCE -D_FILE_OFFSET_BITS=64   -Ofast -mavx       -DSPEC_LINUX_X64   -DSPEC_OPENMP -fopenmp -Wno-return-type -DUSE_OPENMP -I /usr/lib/libomp_oss/exports/common/include    -DSPEC_LP64  ext/Hash-Util-FieldHash/FieldHash.c
In file included from ext/Hash-Util-FieldHash/FieldHash.c:13:
./perl.h:3621:9: warning: undefining builtin macro [-Wbuiltin-macro-redefined]
# undef __has_builtin
        ^
1 warning generated.
/usr//bin/clang -m64 -c -o op.o -DSPEC -DNDEBUG -DPERL_CORE -I. -Idist/IO -Icpan/Time-HiRes -Icpan/HTML-Parser -Iext/re -Ispecrand -DDOUBLE_SLASHES_SPECIAL=0 -D_LARGE_FILES -D_LARGEFILE_SOURCE -D_FILE_OFFSET_BITS=64   -Ofast -mavx       -DSPEC_LINUX_X64   -DSPEC_OPENMP -fopenmp -Wno-return-type -DUSE_OPENMP -I /usr/lib/libomp_oss/exports/common/include    -DSPEC_LP64  op.c
In file included from op.c:103:
./perl.h:3621:9: warning: undefining builtin macro [-Wbuiltin-macro-redefined]
# undef __has_builtin
        ^
1 warning generated.
/usr//bin/clang -m64 -c -o cpan/Scalar-List-Utils/ListUtil.o -DSPEC -DNDEBUG -DPERL_CORE -I. -Idist/IO -Icpan/Time-HiRes -Icpan/HTML-Parser -Iext/re -Ispecrand -DDOUBLE_SLASHES_SPECIAL=0 -D_LARGE_FILES -D_LARGEFILE_SOURCE -D_FILE_OFFSET_BITS=64   -Ofast -mavx       -DSPEC_LINUX_X64   -DSPEC_OPENMP -fopenmp -Wno-return-type -DUSE_OPENMP -I /usr/lib/libomp_oss/exports/common/include    -DSPEC_LP64  cpan/Scalar-List-Utils/ListUtil.c
In file included from cpan/Scalar-List-Utils/ListUtil.c:21:
./perl.h:3621:9: warning: undefining builtin macro [-Wbuiltin-macro-redefined]
# undef __has_builtin
        ^
1 warning generated.
/usr//bin/clang -m64 -c -o cpan/HTML-Parser/Parser.o -DSPEC -DNDEBUG -DPERL_CORE -I. -Idist/IO -Icpan/Time-HiRes -Icpan/HTML-Parser -Iext/re -Ispecrand -DDOUBLE_SLASHES_SPECIAL=0 -D_LARGE_FILES -D_LARGEFILE_SOURCE -D_FILE_OFFSET_BITS=64   -Ofast -mavx       -DSPEC_LINUX_X64   -DSPEC_OPENMP -fopenmp -Wno-return-type -DUSE_OPENMP -I /usr/lib/libomp_oss/exports/common/include    -DSPEC_LP64  cpan/HTML-Parser/Parser.c
In file included from cpan/HTML-Parser/Parser.c:35:
./perl.h:3621:9: warning: undefining builtin macro [-Wbuiltin-macro-redefined]
# undef __has_builtin
        ^
1 warning generated.
/usr//bin/clang -m64 -c -o dist/Storable/Storable.o -DSPEC -DNDEBUG -DPERL_CORE -I. -Idist/IO -Icpan/Time-HiRes -Icpan/HTML-Parser -Iext/re -Ispecrand -DDOUBLE_SLASHES_SPECIAL=0 -D_LARGE_FILES -D_LARGEFILE_SOURCE -D_FILE_OFFSET_BITS=64   -Ofast -mavx       -DSPEC_LINUX_X64   -DSPEC_OPENMP -fopenmp -Wno-return-type -DUSE_OPENMP -I /usr/lib/libomp_oss/exports/common/include    -DSPEC_LP64  dist/Storable/Storable.c
In file included from dist/Storable/Storable.c:26:
./perl.h:3621:9: warning: undefining builtin macro [-Wbuiltin-macro-redefined]
# undef __has_builtin
        ^
1 warning generated.
/usr//bin/clang -m64 -c -o regexec.o -DSPEC -DNDEBUG -DPERL_CORE -I. -Idist/IO -Icpan/Time-HiRes -Icpan/HTML-Parser -Iext/re -Ispecrand -DDOUBLE_SLASHES_SPECIAL=0 -D_LARGE_FILES -D_LARGEFILE_SOURCE -D_FILE_OFFSET_BITS=64   -Ofast -mavx       -DSPEC_LINUX_X64   -DSPEC_OPENMP -fopenmp -Wno-return-type -DUSE_OPENMP -I /usr/lib/libomp_oss/exports/common/include    -DSPEC_LP64  regexec.c
In file included from regexec.c:78:
./perl.h:3621:9: warning: undefining builtin macro [-Wbuiltin-macro-redefined]
# undef __has_builtin
        ^
1 warning generated.
/usr//bin/clang -m64 -c -o toke.o -DSPEC -DNDEBUG -DPERL_CORE -I. -Idist/IO -Icpan/Time-HiRes -Icpan/HTML-Parser -Iext/re -Ispecrand -DDOUBLE_SLASHES_SPECIAL=0 -D_LARGE_FILES -D_LARGEFILE_SOURCE -D_FILE_OFFSET_BITS=64   -Ofast -mavx       -DSPEC_LINUX_X64   -DSPEC_OPENMP -fopenmp -Wno-return-type -DUSE_OPENMP -I /usr/lib/libomp_oss/exports/common/include    -DSPEC_LP64  toke.c
In file included from toke.c:40:
./perl.h:3621:9: warning: undefining builtin macro [-Wbuiltin-macro-redefined]
# undef __has_builtin
        ^
toke.c:2637:45: warning: adding 'int' to a string does not append to the string [-Wstring-plus-int]
                    && *(s+1) == *(NBSP_UTF8+1)
                                   ~~~~~~~~~^~
toke.c:2637:45: note: use array indexing to silence this warning
                    && *(s+1) == *(NBSP_UTF8+1)
                                            ^
                                   &        [ ]
2 warnings generated.
/usr//bin/clang -m64 -c -o sv.o -DSPEC -DNDEBUG -DPERL_CORE -I. -Idist/IO -Icpan/Time-HiRes -Icpan/HTML-Parser -Iext/re -Ispecrand -DDOUBLE_SLASHES_SPECIAL=0 -D_LARGE_FILES -D_LARGEFILE_SOURCE -D_FILE_OFFSET_BITS=64   -Ofast -mavx       -DSPEC_LINUX_X64   -DSPEC_OPENMP -fopenmp -Wno-return-type -DUSE_OPENMP -I /usr/lib/libomp_oss/exports/common/include    -DSPEC_LP64  sv.c
In file included from sv.c:32:
./perl.h:3621:9: warning: undefining builtin macro [-Wbuiltin-macro-redefined]
# undef __has_builtin
        ^
sv.c:2085:22: warning: implicit conversion from 'UV' (aka 'unsigned long') to 'double' changes value from 9223372036854775807 to 9223372036854775808 [-Wimplicit-const-int-float-conversion]
    if (SvNVX(sv) <= (UV)IV_MAX) {
                  ~~ ^~~~~~~~~~
sv.c:10813:14: warning: implicit conversion from 'UV' (aka 'unsigned long') to 'double' changes value from 18446744073709551615 to 18446744073709551616 [-Wimplicit-const-int-float-conversion]
    if (nv < UV_MAX) {
           ~ ^~~~~~
./perl.h:1685:20: note: expanded from macro 'UV_MAX'
#    define UV_MAX PERL_UQUAD_MAX
                   ^~~~~~~~~~~~~~
./perl.h:2608:29: note: expanded from macro 'PERL_UQUAD_MAX'
#    define PERL_UQUAD_MAX      (~(UV)0)
                                 ^~~~~~
3 warnings generated.
/usr//bin/clang -m64 -c -o ext/re/re_exec.o -DSPEC -DNDEBUG -DPERL_CORE -I. -Idist/IO -Icpan/Time-HiRes -Icpan/HTML-Parser -Iext/re -Ispecrand -DDOUBLE_SLASHES_SPECIAL=0 -D_LARGE_FILES -D_LARGEFILE_SOURCE -D_FILE_OFFSET_BITS=64   -Ofast -mavx       -DSPEC_LINUX_X64   -DSPEC_OPENMP -fopenmp -Wno-return-type -DUSE_OPENMP -I /usr/lib/libomp_oss/exports/common/include    -DSPEC_LP64  ext/re/re_exec.c
In file included from ext/re/re_exec.c:78:
./perl.h:3621:9: warning: undefining builtin macro [-Wbuiltin-macro-redefined]
# undef __has_builtin
        ^
1 warning generated.
/usr//bin/clang -m64 -c -o regcomp.o -DSPEC -DNDEBUG -DPERL_CORE -I. -Idist/IO -Icpan/Time-HiRes -Icpan/HTML-Parser -Iext/re -Ispecrand -DDOUBLE_SLASHES_SPECIAL=0 -D_LARGE_FILES -D_LARGEFILE_SOURCE -D_FILE_OFFSET_BITS=64   -Ofast -mavx       -DSPEC_LINUX_X64   -DSPEC_OPENMP -fopenmp -Wno-return-type -DUSE_OPENMP -I /usr/lib/libomp_oss/exports/common/include    -DSPEC_LP64  regcomp.c
In file included from regcomp.c:75:
./perl.h:3621:9: warning: undefining builtin macro [-Wbuiltin-macro-redefined]
# undef __has_builtin
        ^
1 warning generated.
/usr//bin/clang -m64 -c -o ext/re/re_comp.o -DSPEC -DNDEBUG -DPERL_CORE -I. -Idist/IO -Icpan/Time-HiRes -Icpan/HTML-Parser -Iext/re -Ispecrand -DDOUBLE_SLASHES_SPECIAL=0 -D_LARGE_FILES -D_LARGEFILE_SOURCE -D_FILE_OFFSET_BITS=64   -Ofast -mavx       -DSPEC_LINUX_X64   -DSPEC_OPENMP -fopenmp -Wno-return-type -DUSE_OPENMP -I /usr/lib/libomp_oss/exports/common/include    -DSPEC_LP64  ext/re/re_comp.c
In file included from ext/re/re_comp.c:26:
In file included from ext/re/../../regcomp.c:75:
./perl.h:3621:9: warning: undefining builtin macro [-Wbuiltin-macro-redefined]
# undef __has_builtin
        ^
In file included from ext/re/re_comp.c:26:
ext/re/../../regcomp.c:7098:37: warning: result of comparison against a string literal is unspecified (use an explicit string comparison function instead) [-Wstring-compare]
        CHECK_RESTUDY_GOTO_butfirst(LEAVE_with_name("study_chunk"));
        ~~~~~~~~~~~~~~~~~~~~~~~~~~~~^~~~~~~~~~~~~~~~~~~~~~~~~~~~~~~
./scope.h:218:4: note: expanded from macro 'LEAVE_with_name'
                        == (char*)name)                                 \
                        ^
./perl.h:4256:36: note: expanded from macro 'assert'
#  define assert(what)  Perl_assert(what)
                                    ^
./perl.h:4248:4: note: expanded from macro 'Perl_assert'
        ((what) ? ((void) 0) :                                          \
          ^
./perl.h:4121:40: note: expanded from macro 'PERL_DEB2'
#  define PERL_DEB2(a,b)               a
                                       ^
ext/re/../../regcomp.c:5709:13: note: expanded from macro 'CHECK_RESTUDY_GOTO_butfirst'
            dOsomething;                                    \
            ^~~~~~~~~~~
ext/re/../../regcomp.c:7160:2: warning: result of comparison against a string literal is unspecified (use an explicit string comparison function instead) [-Wstring-compare]
        LEAVE_with_name("study_chunk");
        ^~~~~~~~~~~~~~~~~~~~~~~~~~~~~~
./scope.h:218:4: note: expanded from macro 'LEAVE_with_name'
                        == (char*)name)                                 \
                        ^~~~~~~~~~~~~~~~~~~~~~~~~~~~~~~~~~~~~~~~~~~~~~~~~
./perl.h:4256:36: note: expanded from macro 'assert'
#  define assert(what)  Perl_assert(what)
                        ~~~~~~~~~~~~^~~~~
./perl.h:4248:4: note: expanded from macro 'Perl_assert'
        ((what) ? ((void) 0) :                                          \
        ~~^~~~~~~~~~~~~~~~~~~~~~~~~~~~~~~~~~~~~~~~~~~~~~~~~~~~~~~~~~~~~~~
./perl.h:4121:40: note: expanded from macro 'PERL_DEB2'
#  define PERL_DEB2(a,b)               a
                                       ^
3 warnings generated.
/usr//bin/clang -m64  -z muldefs     -Ofast -mavx    -DSPEC_LINUX_X64   -DSPEC_OPENMP -fopenmp -Wno-return-type -DUSE_OPENMP -I /usr/lib/libomp_oss/exports/common/include  av.o caretx.o deb.o doio.o doop.o dump.o globals.o gv.o hv.o keywords.o locale.o mg.o numeric.o op.o pad.o perl.o perlapi.o perlio.o perlmain.o perly.o pp.o pp_ctl.o pp_hot.o pp_pack.o pp_sort.o pp_sys.o regcomp.o regexec.o run.o scope.o sv.o taint.o toke.o universal.o utf8.o util.o reentr.o mro_core.o mathoms.o specrand/specrand.o dist/PathTools/Cwd.o dist/Data-Dumper/Dumper.o ext/Devel-Peek/Peek.o cpan/Digest-MD5/MD5.o cpan/Digest-SHA/SHA.o DynaLoader.o dist/IO/IO.o dist/IO/poll.o cpan/MIME-Base64/Base64.o Opcode.o dist/Storable/Storable.o ext/Sys-Hostname/Hostname.o cpan/Time-HiRes/HiRes.o ext/XS-Typemap/stdio.o ext/attributes/attributes.o cpan/HTML-Parser/Parser.o ext/mro/mro.o ext/re/re.o ext/re/re_comp.o ext/re/re_exec.o ext/arybase/arybase.o ext/PerlIO-scalar/scalar.o ext/PerlIO-via/via.o ext/File-Glob/bsd_glob.o ext/File-Glob/Glob.o ext/Hash-Util/Util.o ext/Hash-Util-FieldHash/FieldHash.o ext/Tie-Hash-NamedCapture/NamedCapture.o cpan/Scalar-List-Utils/ListUtil.o             -lm     -fopenmp=libomp -L/usr/lib/libomp_oss/exports/lin_32e/lib -lomp    -o perlbench_s  
