
COMP: "/usr//bin/clang -m64 -c -o options.o -DSPEC -DNDEBUG -DPERL_CORE -I. -Idist/IO -Icpan/Time-HiRes -Icpan/HTML-Parser -Iext/re -Ispecrand -DDOUBLE_SLASHES_SPECIAL=0 -D_LARGE_FILES -D_LARGEFILE_SOURCE -D_FILE_OFFSET_BITS=64   -Ofast -mavx       -DSPEC_LINUX_X64   -DSPEC_OPENMP -fopenmp -Wno-return-type -DUSE_OPENMP -I /usr/lib/libomp_oss/exports/common/include    -DSPEC_LP64  <source>"
C: CC="/usr//bin/clang -m64"
C: COBJOPT="-c -o options"
P: CPUFLAGS="-DSPEC -DNDEBUG"
P: BENCH_FLAGS="-DPERL_CORE -I. -Idist/IO -Icpan/Time-HiRes -Icpan/HTML-Parser -Iext/re -Ispecrand -DDOUBLE_SLASHES_SPECIAL=0 -D_LARGE_FILES -D_LARGEFILE_SOURCE -D_FILE_OFFSET_BITS=64"
P: BENCH_CFLAGS=""
O: OPTIMIZE=""
O: COPTIMIZE="-Ofast -mavx"
P: PORTABILITY="-DSPEC_LINUX_X64"
P: CPORTABILITY=""
O: EXTRA_CFLAGS=""
O: EXTRA_OPTIMIZE="-DSPEC_OPENMP -fopenmp -Wno-return-type -DUSE_OPENMP -I /usr/lib/libomp_oss/exports/common/include"
O: EXTRA_COPTIMIZE=""
P: EXTRA_PORTABILITY="-DSPEC_LP64"
P: EXTRA_CPORTABILITY=""
LINK: "/usr//bin/clang -m64  -z muldefs     -Ofast -mavx    -DSPEC_LINUX_X64   -DSPEC_OPENMP -fopenmp -Wno-return-type -DUSE_OPENMP -I /usr/lib/libomp_oss/exports/common/include  <objects>   -lm     -fopenmp=libomp -L/usr/lib/libomp_oss/exports/lin_32e/lib -lomp    -o options  "
C: LD="/usr//bin/clang -m64"
O: LDCFLAGS="-z muldefs"
O: COPTIMIZE="-Ofast -mavx"
P: PORTABILITY="-DSPEC_LINUX_X64"
O: EXTRA_OPTIMIZE="-DSPEC_OPENMP -fopenmp -Wno-return-type -DUSE_OPENMP -I /usr/lib/libomp_oss/exports/common/include"
C: MATH_LIBS="-lm"
O: EXTRA_LIBS="-fopenmp=libomp -L/usr/lib/libomp_oss/exports/lin_32e/lib -lomp"
C: LDOUT="-o options"
